\BOOKMARK [1][-]{titlepage.1}{\376\377\134\001\227\142}{}% 1
\BOOKMARK [1][-]{cabstract.1}{\376\377\144\130\211\201}{}% 2
\BOOKMARK [1][-]{eabstract.1}{\376\377\000A\000b\000s\000t\000r\000a\000c\000t}{}% 3
\BOOKMARK [1][-]{contents.1}{\376\377\166\356\137\125}{}% 4
\BOOKMARK [0][-]{chapter*.6}{\376\377\136\217\212\000}{}% 5
\BOOKMARK [1][-]{section.0.1}{\376\377\000I\000n\000t\000r\000o\000d\000u\000c\000t\000i\000o\000n}{chapter*.6}% 6
\BOOKMARK [1][-]{section.0.2}{\376\377\000P\000r\000o\000b\000l\000e\000m}{chapter*.6}% 7
\BOOKMARK [2][-]{subsection.0.2.1}{\376\377\000T\000h\000e\000\040\000C\000\040\000P\000r\000e\000p\000r\000o\000c\000e\000s\000s\000o\000r}{section.0.2}% 8
\BOOKMARK [2][-]{subsection.0.2.2}{\376\377\000D\000e\000s\000i\000g\000n\000i\000n\000g\000\040\000t\000h\000e\000\040\000B\000a\000c\000k\000w\000a\000r\000d\000\040\000T\000r\000a\000n\000s\000f\000o\000r\000m\000a\000t\000i\000o\000n}{section.0.2}% 9
\BOOKMARK [2][-]{subsection.0.2.3}{\376\377\000N\000a\000i\000v\000e\000\040\000S\000o\000l\000u\000t\000i\000o\000n\000s}{section.0.2}% 10
\BOOKMARK [1][-]{section.0.3}{\376\377\000A\000p\000p\000r\000o\000a\000c\000h}{chapter*.6}% 11
\BOOKMARK [2][-]{subsection.0.3.1}{\376\377\000M\000o\000d\000e\000l\000i\000n\000g\000\040\000f\000o\000r\000w\000a\000r\000d\000\040\000p\000r\000e\000p\000r\000o\000c\000e\000s\000s\000i\000n\000g}{section.0.3}% 12
\BOOKMARK [2][-]{subsection.0.3.2}{\376\377\000M\000o\000d\000e\000l\000i\000n\000g\000\040\000t\000h\000e\000\040\000c\000h\000a\000n\000g\000e\000s}{section.0.3}% 13
\BOOKMARK [2][-]{subsection.0.3.3}{\376\377\000R\000e\000w\000r\000i\000t\000i\000n\000g\000\040\000S\000t\000e\000p\000s}{section.0.3}% 14
\BOOKMARK [2][-]{subsection.0.3.4}{\376\377\000B\000a\000c\000k\000w\000a\000r\000d\000\040\000T\000r\000a\000n\000s\000f\000o\000r\000m\000a\000t\000i\000o\000n\000\040\000w\000i\000t\000h\000\040\000R\000e\000p\000l\000a\000c\000e\000m\000e\000n\000t}{section.0.3}% 15
\BOOKMARK [2][-]{subsection.0.3.5}{\376\377\000E\000x\000t\000e\000n\000d\000i\000n\000g\000\040\000t\000o\000\040\000f\000u\000l\000l\000\040\000C\000P\000P}{section.0.3}% 16
\BOOKMARK [2][-]{subsection.0.3.6}{\376\377\000E\000x\000t\000e\000n\000d\000i\000n\000g\000\040\000t\000o\000\040\000o\000t\000h\000e\000r\000\040\000t\000y\000p\000e\000s\000\040\000o\000f\000\040\000c\000h\000a\000n\000g\000e\000s}{section.0.3}% 17
\BOOKMARK [1][-]{section.0.4}{\376\377\000E\000v\000a\000l\000u\000a\000t\000i\000o\000n}{chapter*.6}% 18
\BOOKMARK [2][-]{subsection.0.4.1}{\376\377\000R\000e\000s\000e\000a\000r\000c\000h\000\040\000Q\000u\000e\000s\000t\000i\000o\000n\000s}{section.0.4}% 19
\BOOKMARK [2][-]{subsection.0.4.2}{\376\377\000S\000e\000t\000u\000p}{section.0.4}% 20
\BOOKMARK [2][-]{subsection.0.4.3}{\376\377\000T\000h\000r\000e\000a\000t\000s\000\040\000t\000o\000\040\000V\000a\000l\000i\000d\000i\000t\000y}{section.0.4}% 21
\BOOKMARK [2][-]{subsection.0.4.4}{\376\377\000R\000e\000s\000u\000l\000t\000s}{section.0.4}% 22
\BOOKMARK [1][-]{section.0.5}{\376\377\000R\000e\000l\000a\000t\000e\000d\000\040\000W\000o\000r\000k}{chapter*.6}% 23
\BOOKMARK [2][-]{subsection.0.5.1}{\376\377\000B\000i\000d\000i\000r\000e\000c\000t\000i\000o\000n\000a\000l\000\040\000T\000r\000a\000n\000s\000f\000o\000r\000m\000a\000t\000i\000o\000n}{section.0.5}% 24
\BOOKMARK [2][-]{subsection.0.5.2}{\376\377\000A\000n\000a\000l\000y\000z\000i\000n\000g\000\040\000a\000n\000d\000\040\000e\000d\000i\000t\000i\000n\000g\000\040\000u\000n\000p\000r\000e\000p\000r\000o\000c\000e\000s\000s\000e\000d\000\040\000C\000\040\000c\000o\000d\000e}{section.0.5}% 25
\BOOKMARK [2][-]{subsection.0.5.3}{\376\377\000E\000m\000p\000i\000r\000i\000c\000a\000l\000\040\000s\000t\000u\000d\000i\000e\000s\000\040\000o\000n\000\040\000t\000h\000e\000\040\000C\000\040\000p\000r\000e\000p\000r\000o\000c\000e\000s\000s\000o\000r\000s}{section.0.5}% 26
\BOOKMARK [1][-]{section.0.6}{\376\377\000C\000o\000n\000c\000l\000u\000s\000i\000o\000n}{chapter*.6}% 27
\BOOKMARK [0][-]{appendix*.23}{\376\377\123\302\200\003\145\207\163\056}{}% 28
\BOOKMARK [0][-]{appendix.A}{\376\377\226\104\116\366}{}% 29
\BOOKMARK [0][-]{appendix*.24}{\376\377\201\364\214\042}{}% 30
